2020-06-14 15:47:27,836 INFO  [log] Server : LiteSpeed
Connection : Keep-Alive
Set-Cookie : OCSESSID=00aebcaaf55205ab48bc16c77e; path=/
Set-Cookie : language=en-gb; expires=Tue, 14-Jul-2020 10:17:27 GMT; Max-Age=2592000; path=/; domain=rest-api.upskills.in
Set-Cookie : currency=INR; expires=Tue, 14-Jul-2020 10:17:27 GMT; Max-Age=2592000; path=/; domain=rest-api.upskills.in
#status# : HTTP/1.1 200 OK
Content-Length : 132
Date : Sun, 14 Jun 2020 10:17:27 GMT
X-Powered-By : PHP/5.6.40
Content-Type : application/json; charset=utf-8

2020-06-14 15:47:27,854 INFO  [log] [HTTP/1.1 200 OK]
2020-06-14 15:47:27,936 INFO  [log] {"success":1,"error":[],"data":{"access_token":"840eeb8d2cdfca454dd47a6e0241f729e3f9e109","expires_in":86400,"token_type":"Bearer"}}
2020-06-14 15:47:27,961 INFO  [log] 840eeb8d2cdfca454dd47a6e0241f729e3f9e109
2020-06-14 15:47:28,421 INFO  [log] Server : LiteSpeed
Connection : Keep-Alive
Set-Cookie : OCSESSID=7852f7674e1f2211c619b9d294; path=/
Set-Cookie : language=en-gb; expires=Tue, 14-Jul-2020 10:17:28 GMT; Max-Age=2592000; path=/; domain=rest-api.upskills.in
Set-Cookie : currency=INR; expires=Tue, 14-Jul-2020 10:17:28 GMT; Max-Age=2592000; path=/; domain=rest-api.upskills.in
#status# : HTTP/1.1 200 OK
Content-Length : 280
Date : Sun, 14 Jun 2020 10:17:28 GMT
X-Powered-By : PHP/5.6.40
Content-Type : application/json; charset=utf-8

2020-06-14 15:47:28,430 INFO  [log] [HTTP/1.1 200 OK]
2020-06-14 15:47:28,733 INFO  [log] upskills_admin
2020-06-14 15:47:28,733 INFO  [log] Talent4$$
2020-06-14 15:47:28,736 INFO  [log] {
   "password": "Talent4$$",
   "username": "upskills_admin"
}
2020-06-14 15:47:29,225 INFO  [log] Server : LiteSpeed
Connection : Keep-Alive
X-Pagination-Limit : 2
Set-Cookie : OCSESSID=a1522414296352c0f39f811540; path=/
Set-Cookie : language=en-gb; expires=Tue, 14-Jul-2020 10:17:28 GMT; Max-Age=2592000; path=/; domain=rest-api.upskills.in
Set-Cookie : currency=INR; expires=Tue, 14-Jul-2020 10:17:28 GMT; Max-Age=2592000; path=/; domain=rest-api.upskills.in
X-Total-Count : 570
X-Pagination-Page : 2
#status# : HTTP/1.1 200 OK
Content-Length : 610
Date : Sun, 14 Jun 2020 10:17:28 GMT
X-Powered-By : PHP/5.6.40
Content-Type : application/json; charset=utf-8

2020-06-14 15:47:29,235 INFO  [log] [2]
2020-06-14 15:47:29,429 INFO  [log] 2
2020-06-14 15:47:29,430 INFO  [log] 6
2020-06-14 15:47:29,431 INFO  [log] Gadgets${=String.valueOf(Math.random()*1000).substring(0,5)}
2020-06-14 15:47:29,866 INFO  [log] Server : LiteSpeed
Connection : Keep-Alive
Set-Cookie : OCSESSID=3a20a0dc65915b9f3e42077c68; path=/
Set-Cookie : language=en-gb; expires=Tue, 14-Jul-2020 10:17:29 GMT; Max-Age=2592000; path=/; domain=rest-api.upskills.in
Set-Cookie : currency=INR; expires=Tue, 14-Jul-2020 10:17:29 GMT; Max-Age=2592000; path=/; domain=rest-api.upskills.in
#status# : HTTP/1.1 200 OK
Content-Length : 42
Date : Sun, 14 Jun 2020 10:17:29 GMT
X-Powered-By : PHP/5.6.40
Content-Type : application/json; charset=utf-8

2020-06-14 15:47:29,877 INFO  [log] [HTTP/1.1 200 OK]
2020-06-14 15:47:29,898 INFO  [log] {"success":1,"error":[],"data":{"id":815}}
2020-06-14 15:47:29,899 INFO  [log] 815
2020-06-14 15:47:30,503 INFO  [log] {"success":1,"error":[],"data":[{"category_id":815,"name":"Gadgets166.0","description":"Appliances961.6","sort_order":0,"meta_title":"meta-title","meta_description":"Home Appliances and furnitures673.3","meta_keyword":"Appliances261.1","language_id":1,"status":"1","parent_id":120254,"column":1,"top":"0","category_store":["0"],"category_seo_url":[{"1":"Appliances270.1"}],"category_layout":[],"category_filter":["0"],"image":"","original_image":"","categories":[]}]}
2020-06-14 15:47:30,516 INFO  [log] [1]
2020-06-14 15:47:30,516 INFO  [log] [Gadgets166.0]
2020-06-14 15:47:30,697 INFO  [log] {
   "category_description": [   {
      "meta_description": "Meta description of the category",
      "meta_title": "meta-title",
      "meta_keyword": "demo, demo2",
      "name": "Home_Appliances${=String.valueOf(Math.random()*1000).substring(0,5)}",
      "description": "Description of the category",
      "language_id": "1${=String.valueOf(Math.random()*1000).substring(0,5)}"
   }],
   "image": "",
   "top": 0,
   "parent_id": 0,
   "category_seo_url": [   {
      "store_id": "0",
      "language_id": "1${=String.valueOf(Math.random()*1000).substring(0,5)}",
      "keyword": "Appliances${=String.valueOf(Math.random()*1000).substring(0,5)}"
   }],
   "column": "1",
   "category_store": [0],
   "category_filter": [0],
   "sort_order": "0",
   "status": "1"
}
2020-06-14 15:47:31,785 INFO  [log] Server : LiteSpeed
Connection : Keep-Alive
Set-Cookie : OCSESSID=d0390e0bf61678175e9dfb9621; path=/
Set-Cookie : language=en-gb; expires=Tue, 14-Jul-2020 10:17:31 GMT; Max-Age=2592000; path=/; domain=rest-api.upskills.in
Set-Cookie : currency=INR; expires=Tue, 14-Jul-2020 10:17:31 GMT; Max-Age=2592000; path=/; domain=rest-api.upskills.in
#status# : HTTP/1.1 200 OK
Content-Length : 465
Date : Sun, 14 Jun 2020 10:17:31 GMT
X-Powered-By : PHP/5.6.40
Content-Type : application/json; charset=utf-8

2020-06-14 15:47:31,795 INFO  [log] [HTTP/1.1 200 OK]
2020-06-14 15:47:31,798 INFO  [log] passed
2020-06-14 15:47:31,799 INFO  [log] {"success":1,"error":[],"data":[{"category_id":815,"name":"Gadgets166.0","description":"Appliances961.6","sort_order":0,"meta_title":"meta-title","meta_description":"Home Appliances and furnitures673.3","meta_keyword":"Appliances261.1","language_id":1,"status":"1","parent_id":0,"column":1,"top":"0","category_store":["0"],"category_seo_url":[{"1268":"Appliances950.7"}],"category_layout":[],"category_filter":["0"],"image":"","original_image":"","categories":[]}]}
2020-06-14 15:47:31,805 INFO  [log] [meta-title]
2020-06-14 15:47:31,805 INFO  [log] [Gadgets166.0]
2020-06-14 15:47:31,806 INFO  [log] [Gadgets166.0]
2020-06-14 15:47:31,808 INFO  [log] name is matched
2020-06-14 15:47:31,808 INFO  [log] title is matched
2020-06-14 15:47:31,981 INFO  [log] 2
2020-06-14 15:47:31,982 INFO  [log] 6
2020-06-14 15:47:31,987 INFO  [log] Gadgets${=String.valueOf(Math.random()*1000).substring(0,5)}
2020-06-14 15:47:32,371 INFO  [log] Server : LiteSpeed
Connection : Keep-Alive
Set-Cookie : OCSESSID=f0490758ccfcc7821e0b66d409; path=/
Set-Cookie : language=en-gb; expires=Tue, 14-Jul-2020 10:17:32 GMT; Max-Age=2592000; path=/; domain=rest-api.upskills.in
Set-Cookie : currency=INR; expires=Tue, 14-Jul-2020 10:17:32 GMT; Max-Age=2592000; path=/; domain=rest-api.upskills.in
#status# : HTTP/1.1 200 OK
Content-Length : 42
Date : Sun, 14 Jun 2020 10:17:32 GMT
X-Powered-By : PHP/5.6.40
Content-Type : application/json; charset=utf-8

2020-06-14 15:47:32,381 INFO  [log] [HTTP/1.1 200 OK]
2020-06-14 15:47:32,382 INFO  [log] {"success":1,"error":[],"data":{"id":816}}
2020-06-14 15:47:32,387 INFO  [log] 816
2020-06-14 15:47:32,760 INFO  [log] Server : LiteSpeed
Connection : Keep-Alive
Set-Cookie : OCSESSID=b2e9fc2f940a5ddb83e15e9d98; path=/
Set-Cookie : language=en-gb; expires=Tue, 14-Jul-2020 10:17:32 GMT; Max-Age=2592000; path=/; domain=rest-api.upskills.in
Set-Cookie : currency=INR; expires=Tue, 14-Jul-2020 10:17:32 GMT; Max-Age=2592000; path=/; domain=rest-api.upskills.in
#status# : HTTP/1.1 200 OK
Content-Length : 34
Date : Sun, 14 Jun 2020 10:17:32 GMT
X-Powered-By : PHP/5.6.40
Content-Type : application/json; charset=utf-8

2020-06-14 15:47:32,770 INFO  [log] [HTTP/1.1 200 OK]
2020-06-14 15:47:32,771 INFO  [log] passed
2020-06-14 15:47:32,821 INFO  [log] {"success":1,"error":[],"data":[]}
2020-06-14 15:47:32,822 INFO  [log] 1
2020-06-14 15:47:32,823 INFO  [log] passed
2020-06-14 15:47:33,668 INFO  [log] Server : LiteSpeed
Connection : Keep-Alive
Set-Cookie : OCSESSID=d39888869e232fa1234310fb96; path=/
Set-Cookie : language=en-gb; expires=Tue, 14-Jul-2020 10:17:33 GMT; Max-Age=2592000; path=/; domain=rest-api.upskills.in
Set-Cookie : currency=INR; expires=Tue, 14-Jul-2020 10:17:33 GMT; Max-Age=2592000; path=/; domain=rest-api.upskills.in
#status# : HTTP/1.1 404 Not Found
Content-Length : 54
Date : Sun, 14 Jun 2020 10:17:33 GMT
X-Powered-By : PHP/5.6.40
Content-Type : application/json; charset=utf-8

2020-06-14 15:47:33,678 INFO  [log] [HTTP/1.1 404 Not Found]
2020-06-14 15:47:33,689 INFO  [log] FAILED
