2020-06-14 15:47:19,554 WARN  [SoapUI] Missing folder [C:\Users\MEENAKSHIK\Desktop\Rest Proj\rest-proj\ext] for external libraries
2020-06-14 15:47:19,814 INFO  [DefaultSoapUICore] initialized soapui-settings from [C:\Users\MEENAKSHIK\soapui-settings.xml]
2020-06-14 15:47:21,517 INFO  [PluginManager] Adding plugin from [C:\Users\MEENAKSHIK\.soapuios\plugins\ready-mqtt-plugin-dist.jar]
2020-06-14 15:47:21,517 INFO  [PluginManager] Adding plugin from [C:\Users\MEENAKSHIK\.soapuios\plugins\soapui-swagger-plugin-2.2-dist.jar]
2020-06-14 15:47:22,658 ERROR [SoapUI] An error occurred [com.eviware.soapui.plugins.auto.factories.AutoDiscoveryMethodFactory], see error log for details
2020-06-14 15:47:22,662 ERROR [errorlog] java.lang.ClassNotFoundException: com.eviware.soapui.plugins.auto.factories.AutoDiscoveryMethodFactory
java.lang.ClassNotFoundException: com.eviware.soapui.plugins.auto.factories.AutoDiscoveryMethodFactory
	at org.codehaus.plexus.classworlds.strategy.SelfFirstStrategy.loadClass(SelfFirstStrategy.java:50)
	at org.codehaus.plexus.classworlds.realm.ClassRealm.unsynchronizedLoadClass(ClassRealm.java:271)
	at org.codehaus.plexus.classworlds.realm.ClassRealm.loadClass(ClassRealm.java:247)
	at org.codehaus.plexus.classworlds.realm.ClassRealm.loadClass(ClassRealm.java:239)
	at java.lang.Class.forName0(Native Method)
	at java.lang.Class.forName(Class.java:264)
	at com.eviware.soapui.plugins.LoaderBase.loadAutoFactories(LoaderBase.java:113)
	at com.eviware.soapui.plugins.LoaderBase.loadFactories(LoaderBase.java:80)
	at com.eviware.soapui.plugins.PluginLoader.loadPluginFactories(PluginLoader.java:141)
	at com.eviware.soapui.plugins.PluginLoader.loadPlugin(PluginLoader.java:104)
	at com.eviware.soapui.plugins.PluginLoader.loadPlugin(PluginLoader.java:54)
	at com.eviware.soapui.plugins.PluginManager.doInstallPlugin(PluginManager.java:141)
	at com.eviware.soapui.plugins.PluginManager.access$600(PluginManager.java:43)
	at com.eviware.soapui.plugins.PluginManager$LoadPluginsTask.computeSequentially(PluginManager.java:420)
	at com.eviware.soapui.plugins.PluginManager$LoadPluginsTask.compute(PluginManager.java:377)
	at com.eviware.soapui.plugins.PluginManager$LoadPluginsTask.compute(PluginManager.java:382)
	at com.eviware.soapui.plugins.PluginManager$LoadPluginsTask.compute(PluginManager.java:365)
	at java.util.concurrent.RecursiveTask.exec(RecursiveTask.java:94)
	at java.util.concurrent.ForkJoinTask.doExec(ForkJoinTask.java:289)
	at java.util.concurrent.ForkJoinPool$WorkQueue.runTask(ForkJoinPool.java:1056)
	at java.util.concurrent.ForkJoinPool.runWorker(ForkJoinPool.java:1692)
	at java.util.concurrent.ForkJoinWorkerThread.run(ForkJoinWorkerThread.java:157)
2020-06-14 15:47:22,785 ERROR [SoapUI] An error occurred [com.eviware.soapui.plugins.auto.factories.AutoImportMethodFactory], see error log for details
2020-06-14 15:47:22,787 ERROR [errorlog] java.lang.ClassNotFoundException: com.eviware.soapui.plugins.auto.factories.AutoImportMethodFactory
java.lang.ClassNotFoundException: com.eviware.soapui.plugins.auto.factories.AutoImportMethodFactory
	at org.codehaus.plexus.classworlds.strategy.SelfFirstStrategy.loadClass(SelfFirstStrategy.java:50)
	at org.codehaus.plexus.classworlds.realm.ClassRealm.unsynchronizedLoadClass(ClassRealm.java:271)
	at org.codehaus.plexus.classworlds.realm.ClassRealm.loadClass(ClassRealm.java:247)
	at org.codehaus.plexus.classworlds.realm.ClassRealm.loadClass(ClassRealm.java:239)
	at java.lang.Class.forName0(Native Method)
	at java.lang.Class.forName(Class.java:264)
	at com.eviware.soapui.plugins.LoaderBase.loadAutoFactories(LoaderBase.java:113)
	at com.eviware.soapui.plugins.LoaderBase.loadFactories(LoaderBase.java:80)
	at com.eviware.soapui.plugins.PluginLoader.loadPluginFactories(PluginLoader.java:141)
	at com.eviware.soapui.plugins.PluginLoader.loadPlugin(PluginLoader.java:104)
	at com.eviware.soapui.plugins.PluginLoader.loadPlugin(PluginLoader.java:54)
	at com.eviware.soapui.plugins.PluginManager.doInstallPlugin(PluginManager.java:141)
	at com.eviware.soapui.plugins.PluginManager.access$600(PluginManager.java:43)
	at com.eviware.soapui.plugins.PluginManager$LoadPluginsTask.computeSequentially(PluginManager.java:420)
	at com.eviware.soapui.plugins.PluginManager$LoadPluginsTask.compute(PluginManager.java:377)
	at com.eviware.soapui.plugins.PluginManager$LoadPluginsTask.compute(PluginManager.java:382)
	at com.eviware.soapui.plugins.PluginManager$LoadPluginsTask.compute(PluginManager.java:365)
	at java.util.concurrent.RecursiveTask.exec(RecursiveTask.java:94)
	at java.util.concurrent.ForkJoinTask.doExec(ForkJoinTask.java:289)
	at java.util.concurrent.ForkJoinPool$WorkQueue.runTask(ForkJoinPool.java:1056)
	at java.util.concurrent.ForkJoinPool.runWorker(ForkJoinPool.java:1692)
	at java.util.concurrent.ForkJoinWorkerThread.run(ForkJoinWorkerThread.java:157)
2020-06-14 15:47:22,893 ERROR [SoapUI] An error occurred [com.eviware.soapui.plugins.auto.factories.AutoDiscoveryMethodFactory], see error log for details
2020-06-14 15:47:22,894 ERROR [errorlog] java.lang.ClassNotFoundException: com.eviware.soapui.plugins.auto.factories.AutoDiscoveryMethodFactory
java.lang.ClassNotFoundException: com.eviware.soapui.plugins.auto.factories.AutoDiscoveryMethodFactory
	at org.codehaus.plexus.classworlds.strategy.SelfFirstStrategy.loadClass(SelfFirstStrategy.java:50)
	at org.codehaus.plexus.classworlds.realm.ClassRealm.unsynchronizedLoadClass(ClassRealm.java:271)
	at org.codehaus.plexus.classworlds.realm.ClassRealm.loadClass(ClassRealm.java:247)
	at org.codehaus.plexus.classworlds.realm.ClassRealm.loadClass(ClassRealm.java:239)
	at java.lang.Class.forName0(Native Method)
	at java.lang.Class.forName(Class.java:264)
	at com.eviware.soapui.plugins.LoaderBase.loadAutoFactories(LoaderBase.java:113)
	at com.eviware.soapui.plugins.LoaderBase.loadFactories(LoaderBase.java:80)
	at com.eviware.soapui.plugins.PluginLoader.loadPluginFactories(PluginLoader.java:141)
	at com.eviware.soapui.plugins.PluginLoader.loadPlugin(PluginLoader.java:104)
	at com.eviware.soapui.plugins.PluginLoader.loadPlugin(PluginLoader.java:54)
	at com.eviware.soapui.plugins.PluginManager.doInstallPlugin(PluginManager.java:141)
	at com.eviware.soapui.plugins.PluginManager.access$600(PluginManager.java:43)
	at com.eviware.soapui.plugins.PluginManager$LoadPluginsTask.computeSequentially(PluginManager.java:420)
	at com.eviware.soapui.plugins.PluginManager$LoadPluginsTask.compute(PluginManager.java:377)
	at com.eviware.soapui.plugins.PluginManager$LoadPluginsTask.compute(PluginManager.java:365)
	at java.util.concurrent.RecursiveTask.exec(RecursiveTask.java:94)
	at java.util.concurrent.ForkJoinTask.doExec(ForkJoinTask.java:289)
	at java.util.concurrent.ForkJoinPool$WorkQueue.runTask(ForkJoinPool.java:1056)
	at java.util.concurrent.ForkJoinPool.runWorker(ForkJoinPool.java:1692)
	at java.util.concurrent.ForkJoinWorkerThread.run(ForkJoinWorkerThread.java:157)
2020-06-14 15:47:22,905 INFO  [PluginManager] Adding plugin from [C:\Users\MEENAKSHIK\.soapuios\plugins\ready-uxm-plugin-1.0.1-dist.jar]
2020-06-14 15:47:23,010 ERROR [SoapUI] An error occurred [com.eviware.soapui.plugins.auto.factories.AutoImportMethodFactory], see error log for details
2020-06-14 15:47:23,011 ERROR [errorlog] java.lang.ClassNotFoundException: com.eviware.soapui.plugins.auto.factories.AutoImportMethodFactory
java.lang.ClassNotFoundException: com.eviware.soapui.plugins.auto.factories.AutoImportMethodFactory
	at org.codehaus.plexus.classworlds.strategy.SelfFirstStrategy.loadClass(SelfFirstStrategy.java:50)
	at org.codehaus.plexus.classworlds.realm.ClassRealm.unsynchronizedLoadClass(ClassRealm.java:271)
	at org.codehaus.plexus.classworlds.realm.ClassRealm.loadClass(ClassRealm.java:247)
	at org.codehaus.plexus.classworlds.realm.ClassRealm.loadClass(ClassRealm.java:239)
	at java.lang.Class.forName0(Native Method)
	at java.lang.Class.forName(Class.java:264)
	at com.eviware.soapui.plugins.LoaderBase.loadAutoFactories(LoaderBase.java:113)
	at com.eviware.soapui.plugins.LoaderBase.loadFactories(LoaderBase.java:80)
	at com.eviware.soapui.plugins.PluginLoader.loadPluginFactories(PluginLoader.java:141)
	at com.eviware.soapui.plugins.PluginLoader.loadPlugin(PluginLoader.java:104)
	at com.eviware.soapui.plugins.PluginLoader.loadPlugin(PluginLoader.java:54)
	at com.eviware.soapui.plugins.PluginManager.doInstallPlugin(PluginManager.java:141)
	at com.eviware.soapui.plugins.PluginManager.access$600(PluginManager.java:43)
	at com.eviware.soapui.plugins.PluginManager$LoadPluginsTask.computeSequentially(PluginManager.java:420)
	at com.eviware.soapui.plugins.PluginManager$LoadPluginsTask.compute(PluginManager.java:377)
	at com.eviware.soapui.plugins.PluginManager$LoadPluginsTask.compute(PluginManager.java:365)
	at java.util.concurrent.RecursiveTask.exec(RecursiveTask.java:94)
	at java.util.concurrent.ForkJoinTask.doExec(ForkJoinTask.java:289)
	at java.util.concurrent.ForkJoinPool$WorkQueue.runTask(ForkJoinPool.java:1056)
	at java.util.concurrent.ForkJoinPool.runWorker(ForkJoinPool.java:1692)
	at java.util.concurrent.ForkJoinWorkerThread.run(ForkJoinWorkerThread.java:157)
2020-06-14 15:47:23,124 INFO  [PluginManager] Adding plugin from [C:\Users\MEENAKSHIK\.soapuios\plugins\readyapi-postman-1.0.1.jar]
2020-06-14 15:47:23,979 ERROR [SoapUI] An error occurred [com.eviware.soapui.plugins.auto.factories.AutoDiscoveryMethodFactory], see error log for details
2020-06-14 15:47:23,980 ERROR [errorlog] java.lang.ClassNotFoundException: com.eviware.soapui.plugins.auto.factories.AutoDiscoveryMethodFactory
java.lang.ClassNotFoundException: com.eviware.soapui.plugins.auto.factories.AutoDiscoveryMethodFactory
	at org.codehaus.plexus.classworlds.strategy.SelfFirstStrategy.loadClass(SelfFirstStrategy.java:50)
	at org.codehaus.plexus.classworlds.realm.ClassRealm.unsynchronizedLoadClass(ClassRealm.java:271)
	at org.codehaus.plexus.classworlds.realm.ClassRealm.loadClass(ClassRealm.java:247)
	at org.codehaus.plexus.classworlds.realm.ClassRealm.loadClass(ClassRealm.java:239)
	at java.lang.Class.forName0(Native Method)
	at java.lang.Class.forName(Class.java:264)
	at com.eviware.soapui.plugins.LoaderBase.loadAutoFactories(LoaderBase.java:113)
	at com.eviware.soapui.plugins.LoaderBase.loadFactories(LoaderBase.java:80)
	at com.eviware.soapui.plugins.PluginLoader.loadPluginFactories(PluginLoader.java:141)
	at com.eviware.soapui.plugins.PluginLoader.loadPlugin(PluginLoader.java:104)
	at com.eviware.soapui.plugins.PluginLoader.loadPlugin(PluginLoader.java:54)
	at com.eviware.soapui.plugins.PluginManager.doInstallPlugin(PluginManager.java:141)
	at com.eviware.soapui.plugins.PluginManager.access$600(PluginManager.java:43)
	at com.eviware.soapui.plugins.PluginManager$LoadPluginsTask.computeSequentially(PluginManager.java:420)
	at com.eviware.soapui.plugins.PluginManager$LoadPluginsTask.compute(PluginManager.java:377)
	at com.eviware.soapui.plugins.PluginManager$LoadPluginsTask.compute(PluginManager.java:365)
	at java.util.concurrent.RecursiveTask.exec(RecursiveTask.java:94)
	at java.util.concurrent.ForkJoinTask.doExec(ForkJoinTask.java:289)
	at java.util.concurrent.ForkJoinPool$WorkQueue.runTask(ForkJoinPool.java:1056)
	at java.util.concurrent.ForkJoinPool.runWorker(ForkJoinPool.java:1692)
	at java.util.concurrent.ForkJoinWorkerThread.run(ForkJoinWorkerThread.java:157)
2020-06-14 15:47:24,078 ERROR [SoapUI] An error occurred [com.eviware.soapui.plugins.auto.factories.AutoImportMethodFactory], see error log for details
2020-06-14 15:47:24,081 ERROR [errorlog] java.lang.ClassNotFoundException: com.eviware.soapui.plugins.auto.factories.AutoImportMethodFactory
java.lang.ClassNotFoundException: com.eviware.soapui.plugins.auto.factories.AutoImportMethodFactory
	at org.codehaus.plexus.classworlds.strategy.SelfFirstStrategy.loadClass(SelfFirstStrategy.java:50)
	at org.codehaus.plexus.classworlds.realm.ClassRealm.unsynchronizedLoadClass(ClassRealm.java:271)
	at org.codehaus.plexus.classworlds.realm.ClassRealm.loadClass(ClassRealm.java:247)
	at org.codehaus.plexus.classworlds.realm.ClassRealm.loadClass(ClassRealm.java:239)
	at java.lang.Class.forName0(Native Method)
	at java.lang.Class.forName(Class.java:264)
	at com.eviware.soapui.plugins.LoaderBase.loadAutoFactories(LoaderBase.java:113)
	at com.eviware.soapui.plugins.LoaderBase.loadFactories(LoaderBase.java:80)
	at com.eviware.soapui.plugins.PluginLoader.loadPluginFactories(PluginLoader.java:141)
	at com.eviware.soapui.plugins.PluginLoader.loadPlugin(PluginLoader.java:104)
	at com.eviware.soapui.plugins.PluginLoader.loadPlugin(PluginLoader.java:54)
	at com.eviware.soapui.plugins.PluginManager.doInstallPlugin(PluginManager.java:141)
	at com.eviware.soapui.plugins.PluginManager.access$600(PluginManager.java:43)
	at com.eviware.soapui.plugins.PluginManager$LoadPluginsTask.computeSequentially(PluginManager.java:420)
	at com.eviware.soapui.plugins.PluginManager$LoadPluginsTask.compute(PluginManager.java:377)
	at com.eviware.soapui.plugins.PluginManager$LoadPluginsTask.compute(PluginManager.java:365)
	at java.util.concurrent.RecursiveTask.exec(RecursiveTask.java:94)
	at java.util.concurrent.ForkJoinTask.doExec(ForkJoinTask.java:289)
	at java.util.concurrent.ForkJoinPool$WorkQueue.runTask(ForkJoinPool.java:1056)
	at java.util.concurrent.ForkJoinPool.runWorker(ForkJoinPool.java:1692)
	at java.util.concurrent.ForkJoinWorkerThread.run(ForkJoinWorkerThread.java:157)
2020-06-14 15:47:24,132 ERROR [SoapUI] An error occurred [com.eviware.soapui.plugins.auto.factories.AutoDiscoveryMethodFactory], see error log for details
2020-06-14 15:47:24,134 ERROR [errorlog] java.lang.ClassNotFoundException: com.eviware.soapui.plugins.auto.factories.AutoDiscoveryMethodFactory
java.lang.ClassNotFoundException: com.eviware.soapui.plugins.auto.factories.AutoDiscoveryMethodFactory
	at org.codehaus.plexus.classworlds.strategy.SelfFirstStrategy.loadClass(SelfFirstStrategy.java:50)
	at org.codehaus.plexus.classworlds.realm.ClassRealm.unsynchronizedLoadClass(ClassRealm.java:271)
	at org.codehaus.plexus.classworlds.realm.ClassRealm.loadClass(ClassRealm.java:247)
	at org.codehaus.plexus.classworlds.realm.ClassRealm.loadClass(ClassRealm.java:239)
	at java.lang.Class.forName0(Native Method)
	at java.lang.Class.forName(Class.java:264)
	at com.eviware.soapui.plugins.LoaderBase.loadAutoFactories(LoaderBase.java:113)
	at com.eviware.soapui.plugins.LoaderBase.loadFactories(LoaderBase.java:80)
	at com.eviware.soapui.plugins.PluginLoader.loadPluginFactories(PluginLoader.java:141)
	at com.eviware.soapui.plugins.PluginLoader.loadPlugin(PluginLoader.java:104)
	at com.eviware.soapui.plugins.PluginLoader.loadPlugin(PluginLoader.java:54)
	at com.eviware.soapui.plugins.PluginManager.doInstallPlugin(PluginManager.java:141)
	at com.eviware.soapui.plugins.PluginManager.access$600(PluginManager.java:43)
	at com.eviware.soapui.plugins.PluginManager$LoadPluginsTask.computeSequentially(PluginManager.java:420)
	at com.eviware.soapui.plugins.PluginManager$LoadPluginsTask.compute(PluginManager.java:377)
	at com.eviware.soapui.plugins.PluginManager$LoadPluginsTask.compute(PluginManager.java:382)
	at com.eviware.soapui.plugins.PluginManager$LoadPluginsTask.compute(PluginManager.java:365)
	at java.util.concurrent.RecursiveTask.exec(RecursiveTask.java:94)
	at java.util.concurrent.ForkJoinTask.doExec(ForkJoinTask.java:289)
	at java.util.concurrent.ForkJoinPool$WorkQueue.runTask(ForkJoinPool.java:1056)
	at java.util.concurrent.ForkJoinPool.runWorker(ForkJoinPool.java:1692)
	at java.util.concurrent.ForkJoinWorkerThread.run(ForkJoinWorkerThread.java:157)
2020-06-14 15:47:24,252 ERROR [SoapUI] An error occurred [com.eviware.soapui.plugins.auto.factories.AutoImportMethodFactory], see error log for details
2020-06-14 15:47:24,253 ERROR [errorlog] java.lang.ClassNotFoundException: com.eviware.soapui.plugins.auto.factories.AutoImportMethodFactory
java.lang.ClassNotFoundException: com.eviware.soapui.plugins.auto.factories.AutoImportMethodFactory
	at org.codehaus.plexus.classworlds.strategy.SelfFirstStrategy.loadClass(SelfFirstStrategy.java:50)
	at org.codehaus.plexus.classworlds.realm.ClassRealm.unsynchronizedLoadClass(ClassRealm.java:271)
	at org.codehaus.plexus.classworlds.realm.ClassRealm.loadClass(ClassRealm.java:247)
	at org.codehaus.plexus.classworlds.realm.ClassRealm.loadClass(ClassRealm.java:239)
	at java.lang.Class.forName0(Native Method)
	at java.lang.Class.forName(Class.java:264)
	at com.eviware.soapui.plugins.LoaderBase.loadAutoFactories(LoaderBase.java:113)
	at com.eviware.soapui.plugins.LoaderBase.loadFactories(LoaderBase.java:80)
	at com.eviware.soapui.plugins.PluginLoader.loadPluginFactories(PluginLoader.java:141)
	at com.eviware.soapui.plugins.PluginLoader.loadPlugin(PluginLoader.java:104)
	at com.eviware.soapui.plugins.PluginLoader.loadPlugin(PluginLoader.java:54)
	at com.eviware.soapui.plugins.PluginManager.doInstallPlugin(PluginManager.java:141)
	at com.eviware.soapui.plugins.PluginManager.access$600(PluginManager.java:43)
	at com.eviware.soapui.plugins.PluginManager$LoadPluginsTask.computeSequentially(PluginManager.java:420)
	at com.eviware.soapui.plugins.PluginManager$LoadPluginsTask.compute(PluginManager.java:377)
	at com.eviware.soapui.plugins.PluginManager$LoadPluginsTask.compute(PluginManager.java:382)
	at com.eviware.soapui.plugins.PluginManager$LoadPluginsTask.compute(PluginManager.java:365)
	at java.util.concurrent.RecursiveTask.exec(RecursiveTask.java:94)
	at java.util.concurrent.ForkJoinTask.doExec(ForkJoinTask.java:289)
	at java.util.concurrent.ForkJoinPool$WorkQueue.runTask(ForkJoinPool.java:1056)
	at java.util.concurrent.ForkJoinPool.runWorker(ForkJoinPool.java:1692)
	at java.util.concurrent.ForkJoinWorkerThread.run(ForkJoinWorkerThread.java:157)
2020-06-14 15:47:24,356 INFO  [PluginManager] Adding plugin from [C:\Users\MEENAKSHIK\.soapuios\plugins\readyapi-swaggerhub-plugin-1.0.jar]
2020-06-14 15:47:24,862 ERROR [SoapUI] An error occurred [com.eviware.soapui.plugins.auto.factories.AutoDiscoveryMethodFactory], see error log for details
2020-06-14 15:47:24,863 ERROR [errorlog] java.lang.ClassNotFoundException: com.eviware.soapui.plugins.auto.factories.AutoDiscoveryMethodFactory
java.lang.ClassNotFoundException: com.eviware.soapui.plugins.auto.factories.AutoDiscoveryMethodFactory
	at org.codehaus.plexus.classworlds.strategy.SelfFirstStrategy.loadClass(SelfFirstStrategy.java:50)
	at org.codehaus.plexus.classworlds.realm.ClassRealm.unsynchronizedLoadClass(ClassRealm.java:271)
	at org.codehaus.plexus.classworlds.realm.ClassRealm.loadClass(ClassRealm.java:247)
	at org.codehaus.plexus.classworlds.realm.ClassRealm.loadClass(ClassRealm.java:239)
	at java.lang.Class.forName0(Native Method)
	at java.lang.Class.forName(Class.java:264)
	at com.eviware.soapui.plugins.LoaderBase.loadAutoFactories(LoaderBase.java:113)
	at com.eviware.soapui.plugins.LoaderBase.loadFactories(LoaderBase.java:80)
	at com.eviware.soapui.plugins.PluginLoader.loadPluginFactories(PluginLoader.java:141)
	at com.eviware.soapui.plugins.PluginLoader.loadPlugin(PluginLoader.java:104)
	at com.eviware.soapui.plugins.PluginLoader.loadPlugin(PluginLoader.java:54)
	at com.eviware.soapui.plugins.PluginManager.doInstallPlugin(PluginManager.java:141)
	at com.eviware.soapui.plugins.PluginManager.access$600(PluginManager.java:43)
	at com.eviware.soapui.plugins.PluginManager$LoadPluginsTask.computeSequentially(PluginManager.java:420)
	at com.eviware.soapui.plugins.PluginManager$LoadPluginsTask.compute(PluginManager.java:377)
	at com.eviware.soapui.plugins.PluginManager$LoadPluginsTask.compute(PluginManager.java:382)
	at com.eviware.soapui.plugins.PluginManager$LoadPluginsTask.compute(PluginManager.java:365)
	at java.util.concurrent.RecursiveTask.exec(RecursiveTask.java:94)
	at java.util.concurrent.ForkJoinTask.doExec(ForkJoinTask.java:289)
	at java.util.concurrent.ForkJoinPool$WorkQueue.runTask(ForkJoinPool.java:1056)
	at java.util.concurrent.ForkJoinPool.runWorker(ForkJoinPool.java:1692)
	at java.util.concurrent.ForkJoinWorkerThread.run(ForkJoinWorkerThread.java:157)
2020-06-14 15:47:24,954 ERROR [SoapUI] An error occurred [com.eviware.soapui.plugins.auto.factories.AutoImportMethodFactory], see error log for details
2020-06-14 15:47:24,955 ERROR [errorlog] java.lang.ClassNotFoundException: com.eviware.soapui.plugins.auto.factories.AutoImportMethodFactory
java.lang.ClassNotFoundException: com.eviware.soapui.plugins.auto.factories.AutoImportMethodFactory
	at org.codehaus.plexus.classworlds.strategy.SelfFirstStrategy.loadClass(SelfFirstStrategy.java:50)
	at org.codehaus.plexus.classworlds.realm.ClassRealm.unsynchronizedLoadClass(ClassRealm.java:271)
	at org.codehaus.plexus.classworlds.realm.ClassRealm.loadClass(ClassRealm.java:247)
	at org.codehaus.plexus.classworlds.realm.ClassRealm.loadClass(ClassRealm.java:239)
	at java.lang.Class.forName0(Native Method)
	at java.lang.Class.forName(Class.java:264)
	at com.eviware.soapui.plugins.LoaderBase.loadAutoFactories(LoaderBase.java:113)
	at com.eviware.soapui.plugins.LoaderBase.loadFactories(LoaderBase.java:80)
	at com.eviware.soapui.plugins.PluginLoader.loadPluginFactories(PluginLoader.java:141)
	at com.eviware.soapui.plugins.PluginLoader.loadPlugin(PluginLoader.java:104)
	at com.eviware.soapui.plugins.PluginLoader.loadPlugin(PluginLoader.java:54)
	at com.eviware.soapui.plugins.PluginManager.doInstallPlugin(PluginManager.java:141)
	at com.eviware.soapui.plugins.PluginManager.access$600(PluginManager.java:43)
	at com.eviware.soapui.plugins.PluginManager$LoadPluginsTask.computeSequentially(PluginManager.java:420)
	at com.eviware.soapui.plugins.PluginManager$LoadPluginsTask.compute(PluginManager.java:377)
	at com.eviware.soapui.plugins.PluginManager$LoadPluginsTask.compute(PluginManager.java:382)
	at com.eviware.soapui.plugins.PluginManager$LoadPluginsTask.compute(PluginManager.java:365)
	at java.util.concurrent.RecursiveTask.exec(RecursiveTask.java:94)
	at java.util.concurrent.ForkJoinTask.doExec(ForkJoinTask.java:289)
	at java.util.concurrent.ForkJoinPool$WorkQueue.runTask(ForkJoinPool.java:1056)
	at java.util.concurrent.ForkJoinPool.runWorker(ForkJoinPool.java:1692)
	at java.util.concurrent.ForkJoinWorkerThread.run(ForkJoinWorkerThread.java:157)
2020-06-14 15:47:25,043 INFO  [PluginManager] 5 plugins loaded in 3529 ms
2020-06-14 15:47:25,043 INFO  [DefaultSoapUICore] All plugins loaded
2020-06-14 15:47:26,226 INFO  [WsdlProject] Loaded project from [file:/C:/Users/MEENAKSHIK/Desktop/Rest%20Proj/rest-proj/REST-project-soapui-project.xml]
2020-06-14 15:47:26,236 INFO  [SoapUITestCaseRunner] Running SoapUI tests in project [REST project]
2020-06-14 15:47:26,238 INFO  [SoapUITestCaseRunner] Running Project [REST project], runType = SEQUENTIAL
2020-06-14 15:47:26,256 INFO  [SoapUITestCaseRunner] Running SoapUI testcase [Access Token]
2020-06-14 15:47:26,274 INFO  [SoapUITestCaseRunner] running step [Access token]
2020-06-14 15:47:27,836 INFO  [log] Server : LiteSpeed
Connection : Keep-Alive
Set-Cookie : OCSESSID=00aebcaaf55205ab48bc16c77e; path=/
Set-Cookie : language=en-gb; expires=Tue, 14-Jul-2020 10:17:27 GMT; Max-Age=2592000; path=/; domain=rest-api.upskills.in
Set-Cookie : currency=INR; expires=Tue, 14-Jul-2020 10:17:27 GMT; Max-Age=2592000; path=/; domain=rest-api.upskills.in
#status# : HTTP/1.1 200 OK
Content-Length : 132
Date : Sun, 14 Jun 2020 10:17:27 GMT
X-Powered-By : PHP/5.6.40
Content-Type : application/json; charset=utf-8

2020-06-14 15:47:27,854 INFO  [log] [HTTP/1.1 200 OK]
2020-06-14 15:47:27,936 INFO  [log] {"success":1,"error":[],"data":{"access_token":"840eeb8d2cdfca454dd47a6e0241f729e3f9e109","expires_in":86400,"token_type":"Bearer"}}
2020-06-14 15:47:27,961 INFO  [log] 840eeb8d2cdfca454dd47a6e0241f729e3f9e109
2020-06-14 15:47:27,991 INFO  [SoapUITestCaseRunner] Assertion [Script Assertion] has status VALID
2020-06-14 15:47:27,991 INFO  [SoapUITestCaseRunner] Assertion [Valid HTTP Status Codes] has status VALID
2020-06-14 15:47:27,994 INFO  [SoapUITestCaseRunner] Finished running SoapUI testcase [Access Token], time taken: 1081ms, status: FINISHED
2020-06-14 15:47:28,007 INFO  [SoapUITestCaseRunner] Running SoapUI testcase [Login]
2020-06-14 15:47:28,008 INFO  [SoapUITestCaseRunner] running step [Login]
2020-06-14 15:47:28,421 INFO  [log] Server : LiteSpeed
Connection : Keep-Alive
Set-Cookie : OCSESSID=7852f7674e1f2211c619b9d294; path=/
Set-Cookie : language=en-gb; expires=Tue, 14-Jul-2020 10:17:28 GMT; Max-Age=2592000; path=/; domain=rest-api.upskills.in
Set-Cookie : currency=INR; expires=Tue, 14-Jul-2020 10:17:28 GMT; Max-Age=2592000; path=/; domain=rest-api.upskills.in
#status# : HTTP/1.1 200 OK
Content-Length : 280
Date : Sun, 14 Jun 2020 10:17:28 GMT
X-Powered-By : PHP/5.6.40
Content-Type : application/json; charset=utf-8

2020-06-14 15:47:28,430 INFO  [log] [HTTP/1.1 200 OK]
2020-06-14 15:47:28,454 INFO  [SoapUITestCaseRunner] Assertion [Script Assertion] has status VALID
2020-06-14 15:47:28,454 INFO  [SoapUITestCaseRunner] Assertion [Valid HTTP Status Codes] has status VALID
2020-06-14 15:47:28,456 INFO  [SoapUITestCaseRunner] Assertion [Contains] has status VALID
2020-06-14 15:47:28,457 INFO  [SoapUITestCaseRunner] Assertion [JsonPath Count] has status VALID
2020-06-14 15:47:28,462 INFO  [SoapUITestCaseRunner] Assertion [JsonPath Match] has status VALID
2020-06-14 15:47:28,462 INFO  [SoapUITestCaseRunner] running step [datadriven]
2020-06-14 15:47:28,733 INFO  [log] upskills_admin
2020-06-14 15:47:28,733 INFO  [log] Talent4$$
2020-06-14 15:47:28,736 INFO  [log] {
   "password": "Talent4$$",
   "username": "upskills_admin"
}
2020-06-14 15:47:28,744 INFO  [SoapUITestCaseRunner] running step [credentials]
2020-06-14 15:47:28,755 INFO  [SoapUITestCaseRunner] running step [credentials1]
2020-06-14 15:47:28,765 INFO  [SoapUITestCaseRunner] Finished running SoapUI testcase [Login], time taken: 675ms, status: FINISHED
2020-06-14 15:47:28,766 INFO  [SoapUITestCaseRunner] Running SoapUI testcase [GetCategory]
2020-06-14 15:47:28,767 INFO  [SoapUITestCaseRunner] running step [getcategory]
2020-06-14 15:47:29,225 INFO  [log] Server : LiteSpeed
Connection : Keep-Alive
X-Pagination-Limit : 2
Set-Cookie : OCSESSID=a1522414296352c0f39f811540; path=/
Set-Cookie : language=en-gb; expires=Tue, 14-Jul-2020 10:17:28 GMT; Max-Age=2592000; path=/; domain=rest-api.upskills.in
Set-Cookie : currency=INR; expires=Tue, 14-Jul-2020 10:17:28 GMT; Max-Age=2592000; path=/; domain=rest-api.upskills.in
X-Total-Count : 570
X-Pagination-Page : 2
#status# : HTTP/1.1 200 OK
Content-Length : 610
Date : Sun, 14 Jun 2020 10:17:28 GMT
X-Powered-By : PHP/5.6.40
Content-Type : application/json; charset=utf-8

2020-06-14 15:47:29,235 INFO  [log] [2]
2020-06-14 15:47:29,243 INFO  [SoapUITestCaseRunner] Assertion [Script Assertion] has status VALID
2020-06-14 15:47:29,243 INFO  [SoapUITestCaseRunner] Assertion [Valid HTTP Status Codes] has status VALID
2020-06-14 15:47:29,244 INFO  [SoapUITestCaseRunner] Assertion [JsonPath Count] has status VALID
2020-06-14 15:47:29,245 INFO  [SoapUITestCaseRunner] Assertion [JsonPath Match] has status VALID
2020-06-14 15:47:29,245 INFO  [SoapUITestCaseRunner] Assertion [JsonPath Existence Match] has status VALID
2020-06-14 15:47:29,246 INFO  [SoapUITestCaseRunner] Finished running SoapUI testcase [GetCategory], time taken: 414ms, status: FINISHED
2020-06-14 15:47:29,253 INFO  [SoapUITestCaseRunner] Running SoapUI testcase [Category]
2020-06-14 15:47:29,253 INFO  [SoapUITestCaseRunner] running step [Datadriven]
2020-06-14 15:47:29,429 INFO  [log] 2
2020-06-14 15:47:29,430 INFO  [log] 6
2020-06-14 15:47:29,431 INFO  [log] Gadgets${=String.valueOf(Math.random()*1000).substring(0,5)}
2020-06-14 15:47:29,433 INFO  [SoapUITestCaseRunner] running step [Category]
2020-06-14 15:47:29,436 INFO  [SoapUITestCaseRunner] running step [Categoryval]
2020-06-14 15:47:29,446 INFO  [SoapUITestCaseRunner] running step [Create Category]
2020-06-14 15:47:29,866 INFO  [log] Server : LiteSpeed
Connection : Keep-Alive
Set-Cookie : OCSESSID=3a20a0dc65915b9f3e42077c68; path=/
Set-Cookie : language=en-gb; expires=Tue, 14-Jul-2020 10:17:29 GMT; Max-Age=2592000; path=/; domain=rest-api.upskills.in
Set-Cookie : currency=INR; expires=Tue, 14-Jul-2020 10:17:29 GMT; Max-Age=2592000; path=/; domain=rest-api.upskills.in
#status# : HTTP/1.1 200 OK
Content-Length : 42
Date : Sun, 14 Jun 2020 10:17:29 GMT
X-Powered-By : PHP/5.6.40
Content-Type : application/json; charset=utf-8

2020-06-14 15:47:29,877 INFO  [log] [HTTP/1.1 200 OK]
2020-06-14 15:47:29,879 INFO  [SoapUITestCaseRunner] Assertion [Valid HTTP Status Codes] has status VALID
2020-06-14 15:47:29,879 INFO  [SoapUITestCaseRunner] Assertion [Script Assertion] has status VALID
2020-06-14 15:47:29,883 INFO  [SoapUITestCaseRunner] Assertion [Contains] has status VALID
2020-06-14 15:47:29,883 INFO  [SoapUITestCaseRunner] running step [fetch_id]
2020-06-14 15:47:29,898 INFO  [log] {"success":1,"error":[],"data":{"id":815}}
2020-06-14 15:47:29,899 INFO  [log] 815
2020-06-14 15:47:29,902 INFO  [SoapUITestCaseRunner] running step [Getcategorybyid]
2020-06-14 15:47:30,481 INFO  [SoapUITestCaseRunner] Assertion [Valid HTTP Status Codes] has status VALID
2020-06-14 15:47:30,481 INFO  [SoapUITestCaseRunner] running step [fetch_language_id]
2020-06-14 15:47:30,503 INFO  [log] {"success":1,"error":[],"data":[{"category_id":815,"name":"Gadgets166.0","description":"Appliances961.6","sort_order":0,"meta_title":"meta-title","meta_description":"Home Appliances and furnitures673.3","meta_keyword":"Appliances261.1","language_id":1,"status":"1","parent_id":120254,"column":1,"top":"0","category_store":["0"],"category_seo_url":[{"1":"Appliances270.1"}],"category_layout":[],"category_filter":["0"],"image":"","original_image":"","categories":[]}]}
2020-06-14 15:47:30,516 INFO  [log] [1]
2020-06-14 15:47:30,516 INFO  [log] [Gadgets166.0]
2020-06-14 15:47:30,522 INFO  [SoapUITestCaseRunner] running step [modifycategory]
2020-06-14 15:47:30,697 INFO  [log] {
   "category_description": [   {
      "meta_description": "Meta description of the category",
      "meta_title": "meta-title",
      "meta_keyword": "demo, demo2",
      "name": "Home_Appliances${=String.valueOf(Math.random()*1000).substring(0,5)}",
      "description": "Description of the category",
      "language_id": "1${=String.valueOf(Math.random()*1000).substring(0,5)}"
   }],
   "image": "",
   "top": 0,
   "parent_id": 0,
   "category_seo_url": [   {
      "store_id": "0",
      "language_id": "1${=String.valueOf(Math.random()*1000).substring(0,5)}",
      "keyword": "Appliances${=String.valueOf(Math.random()*1000).substring(0,5)}"
   }],
   "column": "1",
   "category_store": [0],
   "category_filter": [0],
   "sort_order": "0",
   "status": "1"
}
2020-06-14 15:47:30,733 INFO  [SoapUITestCaseRunner] running step [Modify]
2020-06-14 15:47:30,737 INFO  [SoapUITestCaseRunner] running step [Modifydata]
2020-06-14 15:47:30,741 INFO  [SoapUITestCaseRunner] running step [ModifyCategoryByid]
2020-06-14 15:47:31,117 INFO  [SoapUITestCaseRunner] Assertion [Valid HTTP Status Codes] has status VALID
2020-06-14 15:47:31,118 INFO  [SoapUITestCaseRunner] running step [Getcategorybyid_modify]
2020-06-14 15:47:31,785 INFO  [log] Server : LiteSpeed
Connection : Keep-Alive
Set-Cookie : OCSESSID=d0390e0bf61678175e9dfb9621; path=/
Set-Cookie : language=en-gb; expires=Tue, 14-Jul-2020 10:17:31 GMT; Max-Age=2592000; path=/; domain=rest-api.upskills.in
Set-Cookie : currency=INR; expires=Tue, 14-Jul-2020 10:17:31 GMT; Max-Age=2592000; path=/; domain=rest-api.upskills.in
#status# : HTTP/1.1 200 OK
Content-Length : 465
Date : Sun, 14 Jun 2020 10:17:31 GMT
X-Powered-By : PHP/5.6.40
Content-Type : application/json; charset=utf-8

2020-06-14 15:47:31,795 INFO  [log] [HTTP/1.1 200 OK]
2020-06-14 15:47:31,798 INFO  [log] passed
2020-06-14 15:47:31,799 INFO  [log] {"success":1,"error":[],"data":[{"category_id":815,"name":"Gadgets166.0","description":"Appliances961.6","sort_order":0,"meta_title":"meta-title","meta_description":"Home Appliances and furnitures673.3","meta_keyword":"Appliances261.1","language_id":1,"status":"1","parent_id":0,"column":1,"top":"0","category_store":["0"],"category_seo_url":[{"1268":"Appliances950.7"}],"category_layout":[],"category_filter":["0"],"image":"","original_image":"","categories":[]}]}
2020-06-14 15:47:31,805 INFO  [log] [meta-title]
2020-06-14 15:47:31,805 INFO  [log] [Gadgets166.0]
2020-06-14 15:47:31,806 INFO  [log] [Gadgets166.0]
2020-06-14 15:47:31,808 INFO  [log] name is matched
2020-06-14 15:47:31,808 INFO  [log] title is matched
2020-06-14 15:47:31,813 INFO  [SoapUITestCaseRunner] Assertion [Valid HTTP Status Codes] has status VALID
2020-06-14 15:47:31,813 INFO  [SoapUITestCaseRunner] Assertion [Script Assertion] has status VALID
2020-06-14 15:47:31,814 INFO  [SoapUITestCaseRunner] Finished running SoapUI testcase [Category], time taken: 2373ms, status: FINISHED
2020-06-14 15:47:31,815 INFO  [SoapUITestCaseRunner] Running SoapUI testcase [Create and Delete category]
2020-06-14 15:47:31,815 INFO  [SoapUITestCaseRunner] running step [Datadriven]
2020-06-14 15:47:31,981 INFO  [log] 2
2020-06-14 15:47:31,982 INFO  [log] 6
2020-06-14 15:47:31,987 INFO  [log] Gadgets${=String.valueOf(Math.random()*1000).substring(0,5)}
2020-06-14 15:47:31,990 INFO  [SoapUITestCaseRunner] running step [Category]
2020-06-14 15:47:31,990 INFO  [SoapUITestCaseRunner] running step [Categoryval]
2020-06-14 15:47:31,998 INFO  [SoapUITestCaseRunner] running step [Create]
2020-06-14 15:47:32,371 INFO  [log] Server : LiteSpeed
Connection : Keep-Alive
Set-Cookie : OCSESSID=f0490758ccfcc7821e0b66d409; path=/
Set-Cookie : language=en-gb; expires=Tue, 14-Jul-2020 10:17:32 GMT; Max-Age=2592000; path=/; domain=rest-api.upskills.in
Set-Cookie : currency=INR; expires=Tue, 14-Jul-2020 10:17:32 GMT; Max-Age=2592000; path=/; domain=rest-api.upskills.in
#status# : HTTP/1.1 200 OK
Content-Length : 42
Date : Sun, 14 Jun 2020 10:17:32 GMT
X-Powered-By : PHP/5.6.40
Content-Type : application/json; charset=utf-8

2020-06-14 15:47:32,381 INFO  [log] [HTTP/1.1 200 OK]
2020-06-14 15:47:32,382 INFO  [log] {"success":1,"error":[],"data":{"id":816}}
2020-06-14 15:47:32,387 INFO  [log] 816
2020-06-14 15:47:32,389 INFO  [SoapUITestCaseRunner] Assertion [Script Assertion] has status VALID
2020-06-14 15:47:32,389 INFO  [SoapUITestCaseRunner] Assertion [Valid HTTP Status Codes] has status VALID
2020-06-14 15:47:32,389 INFO  [SoapUITestCaseRunner] Assertion [JsonPath Count] has status VALID
2020-06-14 15:47:32,390 INFO  [SoapUITestCaseRunner] Assertion [JsonPath Existence Match] has status VALID
2020-06-14 15:47:32,390 INFO  [SoapUITestCaseRunner] Assertion [JsonPath Match] has status VALID
2020-06-14 15:47:32,392 INFO  [SoapUITestCaseRunner] Assertion [JsonPath RegEx Match] has status VALID
2020-06-14 15:47:32,393 INFO  [SoapUITestCaseRunner] running step [DeleteByid]
2020-06-14 15:47:32,760 INFO  [log] Server : LiteSpeed
Connection : Keep-Alive
Set-Cookie : OCSESSID=b2e9fc2f940a5ddb83e15e9d98; path=/
Set-Cookie : language=en-gb; expires=Tue, 14-Jul-2020 10:17:32 GMT; Max-Age=2592000; path=/; domain=rest-api.upskills.in
Set-Cookie : currency=INR; expires=Tue, 14-Jul-2020 10:17:32 GMT; Max-Age=2592000; path=/; domain=rest-api.upskills.in
#status# : HTTP/1.1 200 OK
Content-Length : 34
Date : Sun, 14 Jun 2020 10:17:32 GMT
X-Powered-By : PHP/5.6.40
Content-Type : application/json; charset=utf-8

2020-06-14 15:47:32,770 INFO  [log] [HTTP/1.1 200 OK]
2020-06-14 15:47:32,771 INFO  [log] passed
2020-06-14 15:47:32,774 INFO  [SoapUITestCaseRunner] Assertion [Script Assertion] has status VALID
2020-06-14 15:47:32,778 INFO  [SoapUITestCaseRunner] running step [Excel]
2020-06-14 15:47:32,821 INFO  [log] {"success":1,"error":[],"data":[]}
2020-06-14 15:47:32,822 INFO  [log] 1
2020-06-14 15:47:32,823 INFO  [log] passed
2020-06-14 15:47:32,957 INFO  [SoapUITestCaseRunner] running step [Checkid]
2020-06-14 15:47:33,668 INFO  [log] Server : LiteSpeed
Connection : Keep-Alive
Set-Cookie : OCSESSID=d39888869e232fa1234310fb96; path=/
Set-Cookie : language=en-gb; expires=Tue, 14-Jul-2020 10:17:33 GMT; Max-Age=2592000; path=/; domain=rest-api.upskills.in
Set-Cookie : currency=INR; expires=Tue, 14-Jul-2020 10:17:33 GMT; Max-Age=2592000; path=/; domain=rest-api.upskills.in
#status# : HTTP/1.1 404 Not Found
Content-Length : 54
Date : Sun, 14 Jun 2020 10:17:33 GMT
X-Powered-By : PHP/5.6.40
Content-Type : application/json; charset=utf-8

2020-06-14 15:47:33,678 INFO  [log] [HTTP/1.1 404 Not Found]
2020-06-14 15:47:33,689 INFO  [log] FAILED
2020-06-14 15:47:33,689 INFO  [SoapUITestCaseRunner] Finished running SoapUI testcase [Create and Delete category], time taken: 1772ms, status: FINISHED
2020-06-14 15:47:33,696 INFO  [SoapUITestCaseRunner] Project [REST project] finished with status [FINISHED] in 7452ms
2020-06-14 15:47:36,022 WARN  [Tools] Could not delete temporary directory C:\Users\MEENAK~1\AppData\Local\Temp\4f0de8a3-266f-448a-80f1-08d5979b9041
2020-06-14 15:47:36,029 WARN  [Tools] Could not delete temporary directory C:\Users\MEENAK~1\AppData\Local\Temp\cab61ec5-c63d-4954-bf33-e6dcb17ec59d
